# JRE version: OpenJDK Runtime Environment (8.0_152-b01) (build 1.8.0_152-release-915-b01)
# Java VM: OpenJDK 64-Bit Server VM (25.152-b01 mixed mode windows-amd64 compressed oops)
Heap:
 PSYoungGen      total 317952K, used 96234K [0x00000000eab00000, 0x0000000100000000, 0x0000000100000000)
  eden space 287744K, 26% used [0x00000000eab00000,0x00000000ef653a80,0x00000000fc400000)
  from space 30208K, 63% used [0x00000000fc400000,0x00000000fd6a7040,0x00000000fe180000)
  to   space 30720K, 0% used [0x00000000fe200000,0x00000000fe200000,0x0000000100000000)
 ParOldGen       total 139776K, used 50520K [0x00000000c0000000, 0x00000000c8880000, 0x00000000eab00000)
  object space 139776K, 36% used [0x00000000c0000000,0x00000000c31563f0,0x00000000c8880000)
 Metaspace       used 68814K, capacity 72492K, committed 72832K, reserved 1112064K
  class space    used 9043K, capacity 10017K, committed 10112K, reserved 1048576K
GC Heap History (10 events):
Event: 41.307 GC heap before
{Heap before GC invocations=10 (full 2):
 PSYoungGen      total 249856K, used 203248K [0x00000000eab00000, 0x0000000100000000, 0x0000000100000000)
  eden space 235008K, 80% used [0x00000000eab00000,0x00000000f62ff7b0,0x00000000f9080000)
  from space 14848K, 99% used [0x00000000f9080000,0x00000000f9efca98,0x00000000f9f00000)
  to   space 22016K, 0% used [0x00000000fea80000,0x00000000fea80000,0x0000000100000000)
 ParOldGen       total 82944K, used 25956K [0x00000000c0000000, 0x00000000c5100000, 0x00000000eab00000)
  object space 82944K, 31% used [0x00000000c0000000,0x00000000c1959378,0x00000000c5100000)
 Metaspace       used 56557K, capacity 58974K, committed 59008K, reserved 1099776K
  class space    used 7862K, capacity 8550K, committed 8576K, reserved 1048576K
Event: 41.681 GC heap after
Heap after GC invocations=10 (full 2):
 PSYoungGen      total 307712K, used 21986K [0x00000000eab00000, 0x0000000100000000, 0x0000000100000000)
  eden space 285696K, 0% used [0x00000000eab00000,0x00000000eab00000,0x00000000fc200000)
  from space 22016K, 99% used [0x00000000fea80000,0x00000000ffff8908,0x0000000100000000)
  to   space 31744K, 0% used [0x00000000fc200000,0x00000000fc200000,0x00000000fe100000)
 ParOldGen       total 82944K, used 40209K [0x00000000c0000000, 0x00000000c5100000, 0x00000000eab00000)
  object space 82944K, 48% used [0x00000000c0000000,0x00000000c2744400,0x00000000c5100000)
 Metaspace       used 56557K, capacity 58974K, committed 59008K, reserved 1099776K
  class space    used 7862K, capacity 8550K, committed 8576K, reserved 1048576K
}
Event: 41.681 GC heap before
{Heap before GC invocations=11 (full 3):
 PSYoungGen      total 307712K, used 21986K [0x00000000eab00000, 0x0000000100000000, 0x0000000100000000)
  eden space 285696K, 0% used [0x00000000eab00000,0x00000000eab00000,0x00000000fc200000)
  from space 22016K, 99% used [0x00000000fea80000,0x00000000ffff8908,0x0000000100000000)
  to   space 31744K, 0% used [0x00000000fc200000,0x00000000fc200000,0x00000000fe100000)
 ParOldGen       total 82944K, used 40209K [0x00000000c0000000, 0x00000000c5100000, 0x00000000eab00000)
  object space 82944K, 48% used [0x00000000c0000000,0x00000000c2744400,0x00000000c5100000)
 Metaspace       used 56557K, capacity 58974K, committed 59008K, reserved 1099776K
  class space    used 7862K, capacity 8550K, committed 8576K, reserved 1048576K
Event: 42.695 GC heap after
Heap after GC invocations=11 (full 3):
 PSYoungGen      total 307712K, used 0K [0x00000000eab00000, 0x0000000100000000, 0x0000000100000000)
  eden space 285696K, 0% used [0x00000000eab00000,0x00000000eab00000,0x00000000fc200000)
  from space 22016K, 0% used [0x00000000fea80000,0x00000000fea80000,0x0000000100000000)
  to   space 31744K, 0% used [0x00000000fc200000,0x00000000fc200000,0x00000000fe100000)
 ParOldGen       total 139776K, used 50496K [0x00000000c0000000, 0x00000000c8880000, 0x00000000eab00000)
  object space 139776K, 36% used [0x00000000c0000000,0x00000000c31503f0,0x00000000c8880000)
 Metaspace       used 56557K, capacity 58974K, committed 59008K, reserved 1099776K
  class space    used 7862K, capacity 8550K, committed 8576K, reserved 1048576K
}
Event: 79.689 GC heap before
{Heap before GC invocations=12 (full 3):
 PSYoungGen      total 307712K, used 285696K [0x00000000eab00000, 0x0000000100000000, 0x0000000100000000)
  eden space 285696K, 100% used [0x00000000eab00000,0x00000000fc200000,0x00000000fc200000)
  from space 22016K, 0% used [0x00000000fea80000,0x00000000fea80000,0x0000000100000000)
  to   space 31744K, 0% used [0x00000000fc200000,0x00000000fc200000,0x00000000fe100000)
 ParOldGen       total 139776K, used 50496K [0x00000000c0000000, 0x00000000c8880000, 0x00000000eab00000)
  object space 139776K, 36% used [0x00000000c0000000,0x00000000c31503f0,0x00000000c8880000)
 Metaspace       used 62066K, capacity 65034K, committed 65280K, reserved 1105920K
  class space    used 8372K, capacity 9202K, committed 9216K, reserved 1048576K
Event: 79.760 GC heap after
Heap after GC invocations=12 (full 3):
 PSYoungGen      total 317440K, used 13695K [0x00000000eab00000, 0x0000000100000000, 0x0000000100000000)
  eden space 285696K, 0% used [0x00000000eab00000,0x00000000eab00000,0x00000000fc200000)
  from space 31744K, 43% used [0x00000000fc200000,0x00000000fcf5fcc0,0x00000000fe100000)
  to   space 29696K, 0% used [0x00000000fe300000,0x00000000fe300000,0x0000000100000000)
 ParOldGen       total 139776K, used 50504K [0x00000000c0000000, 0x00000000c8880000, 0x00000000eab00000)
  object space 139776K, 36% used [0x00000000c0000000,0x00000000c31523f0,0x00000000c8880000)
 Metaspace       used 62066K, capacity 65034K, committed 65280K, reserved 1105920K
  class space    used 8372K, capacity 9202K, committed 9216K, reserved 1048576K
}
Event: 559.417 GC heap before
{Heap before GC invocations=13 (full 3):
 PSYoungGen      total 317440K, used 299391K [0x00000000eab00000, 0x0000000100000000, 0x0000000100000000)
  eden space 285696K, 100% used [0x00000000eab00000,0x00000000fc200000,0x00000000fc200000)
  from space 31744K, 43% used [0x00000000fc200000,0x00000000fcf5fcc0,0x00000000fe100000)
  to   space 29696K, 0% used [0x00000000fe300000,0x00000000fe300000,0x0000000100000000)
 ParOldGen       total 139776K, used 50504K [0x00000000c0000000, 0x00000000c8880000, 0x00000000eab00000)
  object space 139776K, 36% used [0x00000000c0000000,0x00000000c31523f0,0x00000000c8880000)
 Metaspace       used 67826K, capacity 71238K, committed 71296K, reserved 1110016K
  class space    used 8956K, capacity 9852K, committed 9856K, reserved 1048576K
Event: 559.636 GC heap after
Heap after GC invocations=13 (full 3):
 PSYoungGen      total 316416K, used 19695K [0x00000000eab00000, 0x00000000fff00000, 0x0000000100000000)
  eden space 287744K, 0% used [0x00000000eab00000,0x00000000eab00000,0x00000000fc400000)
  from space 28672K, 68% used [0x00000000fe300000,0x00000000ff63beb8,0x00000000fff00000)
  to   space 30208K, 0% used [0x00000000fc400000,0x00000000fc400000,0x00000000fe180000)
 ParOldGen       total 139776K, used 50512K [0x00000000c0000000, 0x00000000c8880000, 0x00000000eab00000)
  object space 139776K, 36% used [0x00000000c0000000,0x00000000c31543f0,0x00000000c8880000)
 Metaspace       used 67826K, capacity 71238K, committed 71296K, reserved 1110016K
  class space    used 8956K, capacity 9852K, committed 9856K, reserved 1048576K
}
Event: 593.960 GC heap before
{Heap before GC invocations=14 (full 3):
 PSYoungGen      total 316416K, used 307439K [0x00000000eab00000, 0x00000000fff00000, 0x0000000100000000)
  eden space 287744K, 100% used [0x00000000eab00000,0x00000000fc400000,0x00000000fc400000)
  from space 28672K, 68% used [0x00000000fe300000,0x00000000ff63beb8,0x00000000fff00000)
  to   space 30208K, 0% used [0x00000000fc400000,0x00000000fc400000,0x00000000fe180000)
 ParOldGen       total 139776K, used 50512K [0x00000000c0000000, 0x00000000c8880000, 0x00000000eab00000)
  object space 139776K, 36% used [0x00000000c0000000,0x00000000c31543f0,0x00000000c8880000)
 Metaspace       used 68556K, capacity 72208K, committed 72320K, reserved 1112064K
  class space    used 9015K, capacity 10001K, committed 10112K, reserved 1048576K
Event: 594.018 GC heap after
Heap after GC invocations=14 (full 3):
 PSYoungGen      total 317952K, used 19100K [0x00000000eab00000, 0x0000000100000000, 0x0000000100000000)
  eden space 287744K, 0% used [0x00000000eab00000,0x00000000eab00000,0x00000000fc400000)
  from space 30208K, 63% used [0x00000000fc400000,0x00000000fd6a7040,0x00000000fe180000)
  to   space 30720K, 0% used [0x00000000fe200000,0x00000000fe200000,0x0000000100000000)
 ParOldGen       total 139776K, used 50520K [0x00000000c0000000, 0x00000000c8880000, 0x00000000eab00000)
  object space 139776K, 36% used [0x00000000c0000000,0x00000000c31563f0,0x00000000c8880000)
 Metaspace       used 68556K, capacity 72208K, committed 72320K, reserved 1112064K
  class space    used 9015K, capacity 10001K, committed 10112K, reserved 1048576K
}

